
### _fuss() before:
### $self: bless( {
###                 '-$"' => ' ',
###                 '-base' => '',
###                 '-key' => '_error1',
###                 '-msg' => '',
###                 '-pronto' => '',
###                 '-top' => 2,
###                 '-type' => ' 1st error',
###                 _error1 => ' 1st error',
###                 _error2 => ' 2nd error',
###                 foo => 'bar'
###               }, 'Error::Base' )

### _join_local() before:
### @parts: [
###           '',
###           ' 1st error',
###           ''
###         ]

### _join_local() after:
### @parts: [
###           ' 1st error'
###         ]

### _fuss() after:
### $self: bless( {
###                 '-$"' => ' ',
###                 '-base' => '',
###                 '-key' => '_error1',
###                 '-msg' => ' 1st error',
###                 '-pronto' => '',
###                 '-top' => 2,
###                 '-type' => ' 1st error',
###                 _error1 => ' 1st error',
###                 _error2 => ' 2nd error',
###                 foo => 'bar'
###               }, 'Error::Base' )

### _join_local() before:
### @parts: [
###           '',
###           ' 1st error'
###         ]

### _join_local() after:
### @parts: [
###           ' 1st error'
###         ]

### _fuss() before:
### $self: bless( {
###                 '-$"' => ' ',
###                 '-base' => '',
###                 '-frames' => [
###                                {
###                                  '-eval' => undef,
###                                  '-file' => 'xt/go/150-key.t           ',
###                                  '-line' => '127',
###                                  '-package' => 'main',
###                                  '-sub' => '(eval)                 '
###                                },
###                                {
###                                  '-eval' => undef,
###                                  '-file' => 'xt/go/150-key.t           ',
###                                  '-line' => '126',
###                                  '-package' => 'main',
###                                  '-sub' => 'main::exck             '
###                                },
###                                {
###                                  '-eval' => undef,
###                                  '-file' => 'xt/go/150-key.t           ',
###                                  '-line' => '114',
###                                  '-package' => 'main',
###                                  '-sub' => 'main::__ANON__         '
###                                },
###                                {
###                                  '-eval' => undef,
###                                  '-file' => '/rig/lib/c/Test/Builder.pm',
###                                  '-line' => '234',
###                                  '-package' => 'Test::Builder',
###                                  '-sub' => 'Test::Builder::__ANON__'
###                                },
###                                {
###                                  '-eval' => undef,
###                                  '-file' => '/rig/lib/c/Test/Builder.pm',
###                                  '-line' => '239',
###                                  '-package' => 'Test::Builder',
###                                  '-sub' => '(eval)                 '
###                                },
###                                {
###                                  '-eval' => undef,
###                                  '-file' => '/rig/lib/c/Test/Builder.pm',
###                                  '-line' => '239',
###                                  '-package' => 'Test::Builder',
###                                  '-sub' => 'Test::Builder::subtest '
###                                },
###                                {
###                                  '-eval' => undef,
###                                  '-file' => '/rig/lib/c/Test/More.pm   ',
###                                  '-line' => '747',
###                                  '-package' => 'Test::More',
###                                  '-sub' => 'Test::More::subtest    '
###                                },
###                                {
###                                  '-bottom' => 1,
###                                  '-eval' => undef,
###                                  '-file' => 'xt/go/150-key.t           ',
###                                  '-line' => '114',
###                                  '-package' => 'main',
###                                  '-sub' => '_______________________'
###                                }
###                              ],
###                 '-key' => '_error1',
###                 '-lines' => [
###                               ' 1st error',
###                               'in (eval)                  at line 127    [xt/go/150-key.t           ]',
###                               'in main::exck              at line 126    [xt/go/150-key.t           ]',
###                               'in main::__ANON__          at line 114    [xt/go/150-key.t           ]',
###                               'in Test::Builder::__ANON__ at line 234    [/rig/lib/c/Test/Builder.pm]',
###                               'in (eval)                  at line 239    [/rig/lib/c/Test/Builder.pm]',
###                               'in Test::Builder::subtest  at line 239    [/rig/lib/c/Test/Builder.pm]',
###                               'in Test::More::subtest     at line 747    [/rig/lib/c/Test/More.pm   ]',
###                               '__________________________ at line 114    [xt/go/150-key.t           ]'
###                             ],
###                 '-msg' => ' 1st error',
###                 '-pronto' => 'Foobar error',
###                 '-top' => 2,
###                 '-type' => ' 1st error',
###                 _error1 => ' 1st error',
###                 _error2 => ' 2nd error',
###                 foo => 'bar'
###               }, 'Error::Base' )

### _join_local() before:
### @parts: [
###           '',
###           ' 1st error',
###           'Foobar error'
###         ]

### _join_local() after:
### @parts: [
###           ' 1st error',
###           'Foobar error'
###         ]

### _fuss() after:
### $self: bless( {
###                 '-$"' => ' ',
###                 '-base' => '',
###                 '-frames' => [
###                                {
###                                  '-eval' => undef,
###                                  '-file' => 'xt/go/150-key.t           ',
###                                  '-line' => '127',
###                                  '-package' => 'main',
###                                  '-sub' => '(eval)                 '
###                                },
###                                {
###                                  '-eval' => undef,
###                                  '-file' => 'xt/go/150-key.t           ',
###                                  '-line' => '126',
###                                  '-package' => 'main',
###                                  '-sub' => 'main::exck             '
###                                },
###                                {
###                                  '-eval' => undef,
###                                  '-file' => 'xt/go/150-key.t           ',
###                                  '-line' => '114',
###                                  '-package' => 'main',
###                                  '-sub' => 'main::__ANON__         '
###                                },
###                                {
###                                  '-eval' => undef,
###                                  '-file' => '/rig/lib/c/Test/Builder.pm',
###                                  '-line' => '234',
###                                  '-package' => 'Test::Builder',
###                                  '-sub' => 'Test::Builder::__ANON__'
###                                },
###                                {
###                                  '-eval' => undef,
###                                  '-file' => '/rig/lib/c/Test/Builder.pm',
###                                  '-line' => '239',
###                                  '-package' => 'Test::Builder',
###                                  '-sub' => '(eval)                 '
###                                },
###                                {
###                                  '-eval' => undef,
###                                  '-file' => '/rig/lib/c/Test/Builder.pm',
###                                  '-line' => '239',
###                                  '-package' => 'Test::Builder',
###                                  '-sub' => 'Test::Builder::subtest '
###                                },
###                                {
###                                  '-eval' => undef,
###                                  '-file' => '/rig/lib/c/Test/More.pm   ',
###                                  '-line' => '747',
###                                  '-package' => 'Test::More',
###                                  '-sub' => 'Test::More::subtest    '
###                                },
###                                {
###                                  '-bottom' => 1,
###                                  '-eval' => undef,
###                                  '-file' => 'xt/go/150-key.t           ',
###                                  '-line' => '114',
###                                  '-package' => 'main',
###                                  '-sub' => '_______________________'
###                                }
###                              ],
###                 '-key' => '_error1',
###                 '-lines' => [
###                               ' 1st error',
###                               'in (eval)                  at line 127    [xt/go/150-key.t           ]',
###                               'in main::exck              at line 126    [xt/go/150-key.t           ]',
###                               'in main::__ANON__          at line 114    [xt/go/150-key.t           ]',
###                               'in Test::Builder::__ANON__ at line 234    [/rig/lib/c/Test/Builder.pm]',
###                               'in (eval)                  at line 239    [/rig/lib/c/Test/Builder.pm]',
###                               'in Test::Builder::subtest  at line 239    [/rig/lib/c/Test/Builder.pm]',
###                               'in Test::More::subtest     at line 747    [/rig/lib/c/Test/More.pm   ]',
###                               '__________________________ at line 114    [xt/go/150-key.t           ]'
###                             ],
###                 '-msg' => ' 1st error Foobar error',
###                 '-pronto' => 'Foobar error',
###                 '-top' => 2,
###                 '-type' => ' 1st error',
###                 _error1 => ' 1st error',
###                 _error2 => ' 2nd error',
###                 foo => 'bar'
###               }, 'Error::Base' )

### _join_local() before:
### @parts: [
###           '',
###           ' 1st error Foobar error'
###         ]

### _join_local() after:
### @parts: [
###           ' 1st error Foobar error'
###         ]

### _fuss() before:
### $self: bless( {
###                 '-$"' => ' ',
###                 '-base' => 'Foobar error ',
###                 '-frames' => [
###                                {
###                                  '-eval' => undef,
###                                  '-file' => 'xt/go/150-key.t           ',
###                                  '-line' => '127',
###                                  '-package' => 'main',
###                                  '-sub' => '(eval)                 '
###                                },
###                                {
###                                  '-eval' => undef,
###                                  '-file' => 'xt/go/150-key.t           ',
###                                  '-line' => '126',
###                                  '-package' => 'main',
###                                  '-sub' => 'main::exck             '
###                                },
###                                {
###                                  '-eval' => undef,
###                                  '-file' => 'xt/go/150-key.t           ',
###                                  '-line' => '114',
###                                  '-package' => 'main',
###                                  '-sub' => 'main::__ANON__         '
###                                },
###                                {
###                                  '-eval' => undef,
###                                  '-file' => '/rig/lib/c/Test/Builder.pm',
###                                  '-line' => '234',
###                                  '-package' => 'Test::Builder',
###                                  '-sub' => 'Test::Builder::__ANON__'
###                                },
###                                {
###                                  '-eval' => undef,
###                                  '-file' => '/rig/lib/c/Test/Builder.pm',
###                                  '-line' => '239',
###                                  '-package' => 'Test::Builder',
###                                  '-sub' => '(eval)                 '
###                                },
###                                {
###                                  '-eval' => undef,
###                                  '-file' => '/rig/lib/c/Test/Builder.pm',
###                                  '-line' => '239',
###                                  '-package' => 'Test::Builder',
###                                  '-sub' => 'Test::Builder::subtest '
###                                },
###                                {
###                                  '-eval' => undef,
###                                  '-file' => '/rig/lib/c/Test/More.pm   ',
###                                  '-line' => '747',
###                                  '-package' => 'Test::More',
###                                  '-sub' => 'Test::More::subtest    '
###                                },
###                                {
###                                  '-bottom' => 1,
###                                  '-eval' => undef,
###                                  '-file' => 'xt/go/150-key.t           ',
###                                  '-line' => '114',
###                                  '-package' => 'main',
###                                  '-sub' => '_______________________'
###                                }
###                              ],
###                 '-key' => '_error1',
###                 '-lines' => [
###                               ' 1st error Foobar error',
###                               'in (eval)                  at line 127    [xt/go/150-key.t           ]',
###                               'in main::exck              at line 126    [xt/go/150-key.t           ]',
###                               'in main::__ANON__          at line 114    [xt/go/150-key.t           ]',
###                               'in Test::Builder::__ANON__ at line 234    [/rig/lib/c/Test/Builder.pm]',
###                               'in (eval)                  at line 239    [/rig/lib/c/Test/Builder.pm]',
###                               'in Test::Builder::subtest  at line 239    [/rig/lib/c/Test/Builder.pm]',
###                               'in Test::More::subtest     at line 747    [/rig/lib/c/Test/More.pm   ]',
###                               '__________________________ at line 114    [xt/go/150-key.t           ]'
###                             ],
###                 '-msg' => ' 1st error Foobar error',
###                 '-pronto' => 'Foobar error',
###                 '-top' => 2,
###                 '-type' => ' 1st error',
###                 _error1 => ' 1st error',
###                 _error2 => ' 2nd error',
###                 foo => 'bar'
###               }, 'Error::Base' )

### _join_local() before:
### @parts: [
###           'Foobar error ',
###           ' 1st error',
###           'Foobar error'
###         ]

### _join_local() after:
### @parts: [
###           'Foobar error ',
###           ' 1st error',
###           'Foobar error'
###         ]

### _fuss() after:
### $self: bless( {
###                 '-$"' => ' ',
###                 '-base' => 'Foobar error ',
###                 '-frames' => [
###                                {
###                                  '-eval' => undef,
###                                  '-file' => 'xt/go/150-key.t           ',
###                                  '-line' => '127',
###                                  '-package' => 'main',
###                                  '-sub' => '(eval)                 '
###                                },
###                                {
###                                  '-eval' => undef,
###                                  '-file' => 'xt/go/150-key.t           ',
###                                  '-line' => '126',
###                                  '-package' => 'main',
###                                  '-sub' => 'main::exck             '
###                                },
###                                {
###                                  '-eval' => undef,
###                                  '-file' => 'xt/go/150-key.t           ',
###                                  '-line' => '114',
###                                  '-package' => 'main',
###                                  '-sub' => 'main::__ANON__         '
###                                },
###                                {
###                                  '-eval' => undef,
###                                  '-file' => '/rig/lib/c/Test/Builder.pm',
###                                  '-line' => '234',
###                                  '-package' => 'Test::Builder',
###                                  '-sub' => 'Test::Builder::__ANON__'
###                                },
###                                {
###                                  '-eval' => undef,
###                                  '-file' => '/rig/lib/c/Test/Builder.pm',
###                                  '-line' => '239',
###                                  '-package' => 'Test::Builder',
###                                  '-sub' => '(eval)                 '
###                                },
###                                {
###                                  '-eval' => undef,
###                                  '-file' => '/rig/lib/c/Test/Builder.pm',
###                                  '-line' => '239',
###                                  '-package' => 'Test::Builder',
###                                  '-sub' => 'Test::Builder::subtest '
###                                },
###                                {
###                                  '-eval' => undef,
###                                  '-file' => '/rig/lib/c/Test/More.pm   ',
###                                  '-line' => '747',
###                                  '-package' => 'Test::More',
###                                  '-sub' => 'Test::More::subtest    '
###                                },
###                                {
###                                  '-bottom' => 1,
###                                  '-eval' => undef,
###                                  '-file' => 'xt/go/150-key.t           ',
###                                  '-line' => '114',
###                                  '-package' => 'main',
###                                  '-sub' => '_______________________'
###                                }
###                              ],
###                 '-key' => '_error1',
###                 '-lines' => [
###                               ' 1st error Foobar error',
###                               'in (eval)                  at line 127    [xt/go/150-key.t           ]',
###                               'in main::exck              at line 126    [xt/go/150-key.t           ]',
###                               'in main::__ANON__          at line 114    [xt/go/150-key.t           ]',
###                               'in Test::Builder::__ANON__ at line 234    [/rig/lib/c/Test/Builder.pm]',
###                               'in (eval)                  at line 239    [/rig/lib/c/Test/Builder.pm]',
###                               'in Test::Builder::subtest  at line 239    [/rig/lib/c/Test/Builder.pm]',
###                               'in Test::More::subtest     at line 747    [/rig/lib/c/Test/More.pm   ]',
###                               '__________________________ at line 114    [xt/go/150-key.t           ]'
###                             ],
###                 '-msg' => 'Foobar error   1st error Foobar error',
###                 '-pronto' => 'Foobar error',
###                 '-top' => 2,
###                 '-type' => ' 1st error',
###                 _error1 => ' 1st error',
###                 _error2 => ' 2nd error',
###                 foo => 'bar'
###               }, 'Error::Base' )

### _join_local() before:
### @parts: [
###           '',
###           'Foobar error   1st error Foobar error'
###         ]

### _join_local() after:
### @parts: [
###           'Foobar error   1st error Foobar error'
###         ]

### _fuss() before:
### $self: bless( {
###                 '-$"' => ' ',
###                 '-base' => 'Foobar error ',
###                 '-frames' => [
###                                {
###                                  '-eval' => undef,
###                                  '-file' => 'xt/go/150-key.t           ',
###                                  '-line' => '127',
###                                  '-package' => 'main',
###                                  '-sub' => '(eval)                 '
###                                },
###                                {
###                                  '-eval' => undef,
###                                  '-file' => 'xt/go/150-key.t           ',
###                                  '-line' => '126',
###                                  '-package' => 'main',
###                                  '-sub' => 'main::exck             '
###                                },
###                                {
###                                  '-eval' => undef,
###                                  '-file' => 'xt/go/150-key.t           ',
###                                  '-line' => '114',
###                                  '-package' => 'main',
###                                  '-sub' => 'main::__ANON__         '
###                                },
###                                {
###                                  '-eval' => undef,
###                                  '-file' => '/rig/lib/c/Test/Builder.pm',
###                                  '-line' => '234',
###                                  '-package' => 'Test::Builder',
###                                  '-sub' => 'Test::Builder::__ANON__'
###                                },
###                                {
###                                  '-eval' => undef,
###                                  '-file' => '/rig/lib/c/Test/Builder.pm',
###                                  '-line' => '239',
###                                  '-package' => 'Test::Builder',
###                                  '-sub' => '(eval)                 '
###                                },
###                                {
###                                  '-eval' => undef,
###                                  '-file' => '/rig/lib/c/Test/Builder.pm',
###                                  '-line' => '239',
###                                  '-package' => 'Test::Builder',
###                                  '-sub' => 'Test::Builder::subtest '
###                                },
###                                {
###                                  '-eval' => undef,
###                                  '-file' => '/rig/lib/c/Test/More.pm   ',
###                                  '-line' => '747',
###                                  '-package' => 'Test::More',
###                                  '-sub' => 'Test::More::subtest    '
###                                },
###                                {
###                                  '-bottom' => 1,
###                                  '-eval' => undef,
###                                  '-file' => 'xt/go/150-key.t           ',
###                                  '-line' => '114',
###                                  '-package' => 'main',
###                                  '-sub' => '_______________________'
###                                }
###                              ],
###                 '-key' => '_error1',
###                 '-lines' => [
###                               'Foobar error   1st error Foobar error',
###                               'in (eval)                  at line 127    [xt/go/150-key.t           ]',
###                               'in main::exck              at line 126    [xt/go/150-key.t           ]',
###                               'in main::__ANON__          at line 114    [xt/go/150-key.t           ]',
###                               'in Test::Builder::__ANON__ at line 234    [/rig/lib/c/Test/Builder.pm]',
###                               'in (eval)                  at line 239    [/rig/lib/c/Test/Builder.pm]',
###                               'in Test::Builder::subtest  at line 239    [/rig/lib/c/Test/Builder.pm]',
###                               'in Test::More::subtest     at line 747    [/rig/lib/c/Test/More.pm   ]',
###                               '__________________________ at line 114    [xt/go/150-key.t           ]'
###                             ],
###                 '-msg' => 'Foobar error   1st error Foobar error',
###                 '-pronto' => 'Bazfaz: ',
###                 '-top' => 2,
###                 '-type' => ' 1st error',
###                 _error1 => ' 1st error',
###                 _error2 => ' 2nd error',
###                 foo => 'bar'
###               }, 'Error::Base' )

### _join_local() before:
### @parts: [
###           'Foobar error ',
###           ' 1st error',
###           'Bazfaz: '
###         ]

### _join_local() after:
### @parts: [
###           'Foobar error ',
###           ' 1st error',
###           'Bazfaz: '
###         ]

### _fuss() after:
### $self: bless( {
###                 '-$"' => ' ',
###                 '-base' => 'Foobar error ',
###                 '-frames' => [
###                                {
###                                  '-eval' => undef,
###                                  '-file' => 'xt/go/150-key.t           ',
###                                  '-line' => '127',
###                                  '-package' => 'main',
###                                  '-sub' => '(eval)                 '
###                                },
###                                {
###                                  '-eval' => undef,
###                                  '-file' => 'xt/go/150-key.t           ',
###                                  '-line' => '126',
###                                  '-package' => 'main',
###                                  '-sub' => 'main::exck             '
###                                },
###                                {
###                                  '-eval' => undef,
###                                  '-file' => 'xt/go/150-key.t           ',
###                                  '-line' => '114',
###                                  '-package' => 'main',
###                                  '-sub' => 'main::__ANON__         '
###                                },
###                                {
###                                  '-eval' => undef,
###                                  '-file' => '/rig/lib/c/Test/Builder.pm',
###                                  '-line' => '234',
###                                  '-package' => 'Test::Builder',
###                                  '-sub' => 'Test::Builder::__ANON__'
###                                },
###                                {
###                                  '-eval' => undef,
###                                  '-file' => '/rig/lib/c/Test/Builder.pm',
###                                  '-line' => '239',
###                                  '-package' => 'Test::Builder',
###                                  '-sub' => '(eval)                 '
###                                },
###                                {
###                                  '-eval' => undef,
###                                  '-file' => '/rig/lib/c/Test/Builder.pm',
###                                  '-line' => '239',
###                                  '-package' => 'Test::Builder',
###                                  '-sub' => 'Test::Builder::subtest '
###                                },
###                                {
###                                  '-eval' => undef,
###                                  '-file' => '/rig/lib/c/Test/More.pm   ',
###                                  '-line' => '747',
###                                  '-package' => 'Test::More',
###                                  '-sub' => 'Test::More::subtest    '
###                                },
###                                {
###                                  '-bottom' => 1,
###                                  '-eval' => undef,
###                                  '-file' => 'xt/go/150-key.t           ',
###                                  '-line' => '114',
###                                  '-package' => 'main',
###                                  '-sub' => '_______________________'
###                                }
###                              ],
###                 '-key' => '_error1',
###                 '-lines' => [
###                               'Foobar error   1st error Foobar error',
###                               'in (eval)                  at line 127    [xt/go/150-key.t           ]',
###                               'in main::exck              at line 126    [xt/go/150-key.t           ]',
###                               'in main::__ANON__          at line 114    [xt/go/150-key.t           ]',
###                               'in Test::Builder::__ANON__ at line 234    [/rig/lib/c/Test/Builder.pm]',
###                               'in (eval)                  at line 239    [/rig/lib/c/Test/Builder.pm]',
###                               'in Test::Builder::subtest  at line 239    [/rig/lib/c/Test/Builder.pm]',
###                               'in Test::More::subtest     at line 747    [/rig/lib/c/Test/More.pm   ]',
###                               '__________________________ at line 114    [xt/go/150-key.t           ]'
###                             ],
###                 '-msg' => 'Foobar error   1st error Bazfaz: ',
###                 '-pronto' => 'Bazfaz: ',
###                 '-top' => 2,
###                 '-type' => ' 1st error',
###                 _error1 => ' 1st error',
###                 _error2 => ' 2nd error',
###                 foo => 'bar'
###               }, 'Error::Base' )

### _join_local() before:
### @parts: [
###           '',
###           'Foobar error   1st error Bazfaz: '
###         ]

### _join_local() after:
### @parts: [
###           'Foobar error   1st error Bazfaz: '
###         ]

### _fuss() before:
### $self: bless( {
###                 '-$"' => ' ',
###                 '-base' => 'Foobar error ',
###                 '-frames' => [
###                                {
###                                  '-eval' => undef,
###                                  '-file' => 'xt/go/150-key.t           ',
###                                  '-line' => '127',
###                                  '-package' => 'main',
###                                  '-sub' => '(eval)                 '
###                                },
###                                {
###                                  '-eval' => undef,
###                                  '-file' => 'xt/go/150-key.t           ',
###                                  '-line' => '126',
###                                  '-package' => 'main',
###                                  '-sub' => 'main::exck             '
###                                },
###                                {
###                                  '-eval' => undef,
###                                  '-file' => 'xt/go/150-key.t           ',
###                                  '-line' => '114',
###                                  '-package' => 'main',
###                                  '-sub' => 'main::__ANON__         '
###                                },
###                                {
###                                  '-eval' => undef,
###                                  '-file' => '/rig/lib/c/Test/Builder.pm',
###                                  '-line' => '234',
###                                  '-package' => 'Test::Builder',
###                                  '-sub' => 'Test::Builder::__ANON__'
###                                },
###                                {
###                                  '-eval' => undef,
###                                  '-file' => '/rig/lib/c/Test/Builder.pm',
###                                  '-line' => '239',
###                                  '-package' => 'Test::Builder',
###                                  '-sub' => '(eval)                 '
###                                },
###                                {
###                                  '-eval' => undef,
###                                  '-file' => '/rig/lib/c/Test/Builder.pm',
###                                  '-line' => '239',
###                                  '-package' => 'Test::Builder',
###                                  '-sub' => 'Test::Builder::subtest '
###                                },
###                                {
###                                  '-eval' => undef,
###                                  '-file' => '/rig/lib/c/Test/More.pm   ',
###                                  '-line' => '747',
###                                  '-package' => 'Test::More',
###                                  '-sub' => 'Test::More::subtest    '
###                                },
###                                {
###                                  '-bottom' => 1,
###                                  '-eval' => undef,
###                                  '-file' => 'xt/go/150-key.t           ',
###                                  '-line' => '114',
###                                  '-package' => 'main',
###                                  '-sub' => '_______________________'
###                                }
###                              ],
###                 '-key' => '_error1',
###                 '-lines' => [
###                               'Foobar error   1st error Bazfaz: ',
###                               'in (eval)                  at line 127    [xt/go/150-key.t           ]',
###                               'in main::exck              at line 126    [xt/go/150-key.t           ]',
###                               'in main::__ANON__          at line 114    [xt/go/150-key.t           ]',
###                               'in Test::Builder::__ANON__ at line 234    [/rig/lib/c/Test/Builder.pm]',
###                               'in (eval)                  at line 239    [/rig/lib/c/Test/Builder.pm]',
###                               'in Test::Builder::subtest  at line 239    [/rig/lib/c/Test/Builder.pm]',
###                               'in Test::More::subtest     at line 747    [/rig/lib/c/Test/More.pm   ]',
###                               '__________________________ at line 114    [xt/go/150-key.t           ]'
###                             ],
###                 '-msg' => 'Foobar error   1st error Bazfaz: ',
###                 '-pronto' => 'Bazfaz: ',
###                 '-top' => 2,
###                 '-type' => ' 1st error',
###                 _error1 => ' 1st error',
###                 _error2 => ' 2nd error',
###                 foo => 'bar'
###               }, 'Error::Base' )

### _join_local() before:
### @parts: [
###           'Foobar error ',
###           ' 1st error',
###           'Bazfaz: '
###         ]

### _join_local() after:
### @parts: [
###           'Foobar error ',
###           ' 1st error',
###           'Bazfaz: '
###         ]

### _fuss() after:
### $self: bless( {
###                 '-$"' => ' ',
###                 '-base' => 'Foobar error ',
###                 '-frames' => [
###                                {
###                                  '-eval' => undef,
###                                  '-file' => 'xt/go/150-key.t           ',
###                                  '-line' => '127',
###                                  '-package' => 'main',
###                                  '-sub' => '(eval)                 '
###                                },
###                                {
###                                  '-eval' => undef,
###                                  '-file' => 'xt/go/150-key.t           ',
###                                  '-line' => '126',
###                                  '-package' => 'main',
###                                  '-sub' => 'main::exck             '
###                                },
###                                {
###                                  '-eval' => undef,
###                                  '-file' => 'xt/go/150-key.t           ',
###                                  '-line' => '114',
###                                  '-package' => 'main',
###                                  '-sub' => 'main::__ANON__         '
###                                },
###                                {
###                                  '-eval' => undef,
###                                  '-file' => '/rig/lib/c/Test/Builder.pm',
###                                  '-line' => '234',
###                                  '-package' => 'Test::Builder',
###                                  '-sub' => 'Test::Builder::__ANON__'
###                                },
###                                {
###                                  '-eval' => undef,
###                                  '-file' => '/rig/lib/c/Test/Builder.pm',
###                                  '-line' => '239',
###                                  '-package' => 'Test::Builder',
###                                  '-sub' => '(eval)                 '
###                                },
###                                {
###                                  '-eval' => undef,
###                                  '-file' => '/rig/lib/c/Test/Builder.pm',
###                                  '-line' => '239',
###                                  '-package' => 'Test::Builder',
###                                  '-sub' => 'Test::Builder::subtest '
###                                },
###                                {
###                                  '-eval' => undef,
###                                  '-file' => '/rig/lib/c/Test/More.pm   ',
###                                  '-line' => '747',
###                                  '-package' => 'Test::More',
###                                  '-sub' => 'Test::More::subtest    '
###                                },
###                                {
###                                  '-bottom' => 1,
###                                  '-eval' => undef,
###                                  '-file' => 'xt/go/150-key.t           ',
###                                  '-line' => '114',
###                                  '-package' => 'main',
###                                  '-sub' => '_______________________'
###                                }
###                              ],
###                 '-key' => '_error1',
###                 '-lines' => [
###                               'Foobar error   1st error Bazfaz: ',
###                               'in (eval)                  at line 127    [xt/go/150-key.t           ]',
###                               'in main::exck              at line 126    [xt/go/150-key.t           ]',
###                               'in main::__ANON__          at line 114    [xt/go/150-key.t           ]',
###                               'in Test::Builder::__ANON__ at line 234    [/rig/lib/c/Test/Builder.pm]',
###                               'in (eval)                  at line 239    [/rig/lib/c/Test/Builder.pm]',
###                               'in Test::Builder::subtest  at line 239    [/rig/lib/c/Test/Builder.pm]',
###                               'in Test::More::subtest     at line 747    [/rig/lib/c/Test/More.pm   ]',
###                               '__________________________ at line 114    [xt/go/150-key.t           ]'
###                             ],
###                 '-msg' => 'Foobar error   1st error Bazfaz: ',
###                 '-pronto' => 'Bazfaz: ',
###                 '-top' => 2,
###                 '-type' => ' 1st error',
###                 _error1 => ' 1st error',
###                 _error2 => ' 2nd error',
###                 foo => 'bar'
###               }, 'Error::Base' )

### _join_local() before:
### @parts: [
###           '',
###           'Foobar error   1st error Bazfaz: '
###         ]

### _join_local() after:
### @parts: [
###           'Foobar error   1st error Bazfaz: '
###         ]
